<?xml version="1.0" encoding="utf-8" standalone="no"?>
<!--This file represents the results of running a test suite-->
<test-results name="C:\Users\Eugene.Parahonko\Desktop\SearchWithoutTags\SearchWithoutTags\bin\Debug\SearchWithoutTags.dll" total="1" errors="0" failures="0" not-run="0" inconclusive="0" ignored="0" skipped="0" invalid="0" date="2016-12-06" time="09:31:05">
  <environment nunit-version="2.6.4.14350" clr-version="4.0.30319.34209" os-version="Microsoft Windows NT 6.1.7600.0" platform="Win32NT" cwd="C:\Users\Eugene.Parahonko\Desktop\SearchWithoutTags\SearchWithoutTags\bin\Debug" machine-name="PKH-DEV-MERC1" user="Eugene.Parahonko" user-domain="GC" />
  <culture-info current-culture="en-US" current-uiculture="en-US" />
  <test-suite type="Assembly" name="C:\Users\Eugene.Parahonko\Desktop\SearchWithoutTags\SearchWithoutTags\bin\Debug\SearchWithoutTags.dll" executed="True" result="Success" success="True" time="36.130" asserts="0">
    <results>
      <test-suite type="Namespace" name="SearchWithoutTags" executed="True" result="Success" success="True" time="36.115" asserts="0">
        <results>
          <test-suite type="TestFixture" name="Test1" executed="True" result="Success" success="True" time="36.114" asserts="0">
            <results>
              <test-suite type="ParameterizedTest" name="TestMethod1" executed="True" result="Success" success="True" time="36.106" asserts="0">
                <results>
                  <test-case name="SearchWithoutTags.Test1.TestMethod1(&quot;maxResults&quot;,&quot;30&quot;)" executed="True" result="Success" success="True" time="36.096" asserts="1200" />
                </results>
              </test-suite>
            </results>
          </test-suite>
        </results>
      </test-suite>
    </results>
  </test-suite>
</test-results>